Array
(
    [POST] => Array
        (
            [fullname] => Артём Иванов Иванович
            [birthdate] => 2005-12-08
            [phone] => +7 (904) 254-01-34
            [email] => azkaggpp@yandex.ru
            [comment] => dfh
            [agreement] => on
        )

    [SERVER] => Array
        (
            [MIBDIRS] => C:/xampp/php/extras/mibs
            [MYSQL_HOME] => \xampp\mysql\bin
            [OPENSSL_CONF] => C:/xampp/apache/bin/openssl.cnf
            [PHP_PEAR_SYSCONF_DIR] => \xampp\php
            [PHPRC] => \xampp\php
            [TMP] => \xampp\tmp
            [HTTP_HOST] => localhost
            [HTTP_CONNECTION] => keep-alive
            [CONTENT_LENGTH] => 700
            [HTTP_SEC_CH_UA_PLATFORM] => "Windows"
            [HTTP_USER_AGENT] => Mozilla/5.0 (Windows NT 10.0; Win64; x64) AppleWebKit/537.36 (KHTML, like Gecko) Chrome/137.0.0.0 Safari/537.36 Edg/137.0.0.0
            [HTTP_SEC_CH_UA] => "Microsoft Edge";v="137", "Chromium";v="137", "Not/A)Brand";v="24"
            [HTTP_DNT] => 1
            [CONTENT_TYPE] => multipart/form-data; boundary=----WebKitFormBoundarysgxWyxAB8hGnhMCm
            [HTTP_SEC_CH_UA_MOBILE] => ?0
            [HTTP_ACCEPT] => */*
            [HTTP_ORIGIN] => http://localhost
            [HTTP_SEC_FETCH_SITE] => same-origin
            [HTTP_SEC_FETCH_MODE] => cors
            [HTTP_SEC_FETCH_DEST] => empty
            [HTTP_REFERER] => http://localhost/Sky/register.php
            [HTTP_ACCEPT_ENCODING] => gzip, deflate, br, zstd
            [HTTP_ACCEPT_LANGUAGE] => ru,en;q=0.9,en-GB;q=0.8,en-US;q=0.7
            [PATH] => C:\Program Files (x86)\Common Files\Intel\Shared Libraries\redist\intel64_win\compiler;c:\program files (x86)\common files\intel\shared libraries\redist\intel64\compiler;c:\windows\system32;c:\windows;c:\windows\system32\wbem;c:\windows\system32\windowspowershell\v1.0\;c:\windows\system32\openssh\;C:\Program Files (x86)\NVIDIA Corporation\PhysX\Common;C:\WINDOWS\system32;C:\WINDOWS;C:\WINDOWS\System32\Wbem;C:\WINDOWS\System32\WindowsPowerShell\v1.0\;C:\WINDOWS\System32\OpenSSH\;C:\Program Files\NVIDIA Corporation\NVIDIA App\NvDLISR;C:\Program Files\nodejs\;C:\Users\azkag\AppData\Local\Microsoft\WindowsApps;C:\Users\azkag\AppData\Local\Programs\Microsoft VS Code\bin;C:\Users\azkag\AppData\Roaming\npm
            [SystemRoot] => C:\WINDOWS
            [COMSPEC] => C:\WINDOWS\system32\cmd.exe
            [PATHEXT] => .COM;.EXE;.BAT;.CMD;.VBS;.VBE;.JS;.JSE;.WSF;.WSH;.MSC
            [WINDIR] => C:\WINDOWS
            [SERVER_SIGNATURE] => <address>Apache/2.4.58 (Win64) OpenSSL/3.1.3 PHP/8.0.30 Server at localhost Port 80</address>

            [SERVER_SOFTWARE] => Apache/2.4.58 (Win64) OpenSSL/3.1.3 PHP/8.0.30
            [SERVER_NAME] => localhost
            [SERVER_ADDR] => ::1
            [SERVER_PORT] => 80
            [REMOTE_ADDR] => ::1
            [DOCUMENT_ROOT] => C:/xampp/htdocs
            [REQUEST_SCHEME] => http
            [CONTEXT_PREFIX] => 
            [CONTEXT_DOCUMENT_ROOT] => C:/xampp/htdocs
            [SERVER_ADMIN] => postmaster@localhost
            [SCRIPT_FILENAME] => C:/xampp/htdocs/Sky/register_handler.php
            [REMOTE_PORT] => 51094
            [GATEWAY_INTERFACE] => CGI/1.1
            [SERVER_PROTOCOL] => HTTP/1.1
            [REQUEST_METHOD] => POST
            [QUERY_STRING] => 
            [REQUEST_URI] => /Sky/register_handler.php
            [SCRIPT_NAME] => /Sky/register_handler.php
            [PHP_SELF] => /Sky/register_handler.php
            [REQUEST_TIME_FLOAT] => 1749646916.0275
            [REQUEST_TIME] => 1749646916
        )

    [TIME] => 2025-06-11 15:01:56
)
Array
(
    [POST] => Array
        (
            [fullname] => Артём Иванов Иванович
            [birthdate] => 2005-12-08
            [phone] => +7 (904) 254-01-34
            [email] => azkaggpp@yandex.ru
            [comment] => sd
            [agreement] => on
        )

    [SERVER] => Array
        (
            [MIBDIRS] => C:/xampp/php/extras/mibs
            [MYSQL_HOME] => \xampp\mysql\bin
            [OPENSSL_CONF] => C:/xampp/apache/bin/openssl.cnf
            [PHP_PEAR_SYSCONF_DIR] => \xampp\php
            [PHPRC] => \xampp\php
            [TMP] => \xampp\tmp
            [HTTP_HOST] => localhost
            [HTTP_CONNECTION] => keep-alive
            [CONTENT_LENGTH] => 699
            [HTTP_SEC_CH_UA_PLATFORM] => "Windows"
            [HTTP_USER_AGENT] => Mozilla/5.0 (Windows NT 10.0; Win64; x64) AppleWebKit/537.36 (KHTML, like Gecko) Chrome/137.0.0.0 Safari/537.36 Edg/137.0.0.0
            [HTTP_SEC_CH_UA] => "Microsoft Edge";v="137", "Chromium";v="137", "Not/A)Brand";v="24"
            [HTTP_DNT] => 1
            [CONTENT_TYPE] => multipart/form-data; boundary=----WebKitFormBoundaryPfZAKOy4C7PfjRNN
            [HTTP_SEC_CH_UA_MOBILE] => ?0
            [HTTP_ACCEPT] => */*
            [HTTP_ORIGIN] => http://localhost
            [HTTP_SEC_FETCH_SITE] => same-origin
            [HTTP_SEC_FETCH_MODE] => cors
            [HTTP_SEC_FETCH_DEST] => empty
            [HTTP_REFERER] => http://localhost/Sky/register.php
            [HTTP_ACCEPT_ENCODING] => gzip, deflate, br, zstd
            [HTTP_ACCEPT_LANGUAGE] => ru,en;q=0.9,en-GB;q=0.8,en-US;q=0.7
            [PATH] => C:\Program Files (x86)\Common Files\Intel\Shared Libraries\redist\intel64_win\compiler;c:\program files (x86)\common files\intel\shared libraries\redist\intel64\compiler;c:\windows\system32;c:\windows;c:\windows\system32\wbem;c:\windows\system32\windowspowershell\v1.0\;c:\windows\system32\openssh\;C:\Program Files (x86)\NVIDIA Corporation\PhysX\Common;C:\WINDOWS\system32;C:\WINDOWS;C:\WINDOWS\System32\Wbem;C:\WINDOWS\System32\WindowsPowerShell\v1.0\;C:\WINDOWS\System32\OpenSSH\;C:\Program Files\NVIDIA Corporation\NVIDIA App\NvDLISR;C:\Program Files\nodejs\;C:\Users\azkag\AppData\Local\Microsoft\WindowsApps;C:\Users\azkag\AppData\Local\Programs\Microsoft VS Code\bin;C:\Users\azkag\AppData\Roaming\npm
            [SystemRoot] => C:\WINDOWS
            [COMSPEC] => C:\WINDOWS\system32\cmd.exe
            [PATHEXT] => .COM;.EXE;.BAT;.CMD;.VBS;.VBE;.JS;.JSE;.WSF;.WSH;.MSC
            [WINDIR] => C:\WINDOWS
            [SERVER_SIGNATURE] => <address>Apache/2.4.58 (Win64) OpenSSL/3.1.3 PHP/8.0.30 Server at localhost Port 80</address>

            [SERVER_SOFTWARE] => Apache/2.4.58 (Win64) OpenSSL/3.1.3 PHP/8.0.30
            [SERVER_NAME] => localhost
            [SERVER_ADDR] => ::1
            [SERVER_PORT] => 80
            [REMOTE_ADDR] => ::1
            [DOCUMENT_ROOT] => C:/xampp/htdocs
            [REQUEST_SCHEME] => http
            [CONTEXT_PREFIX] => 
            [CONTEXT_DOCUMENT_ROOT] => C:/xampp/htdocs
            [SERVER_ADMIN] => postmaster@localhost
            [SCRIPT_FILENAME] => C:/xampp/htdocs/Sky/register_handler.php
            [REMOTE_PORT] => 51203
            [GATEWAY_INTERFACE] => CGI/1.1
            [SERVER_PROTOCOL] => HTTP/1.1
            [REQUEST_METHOD] => POST
            [QUERY_STRING] => 
            [REQUEST_URI] => /Sky/register_handler.php
            [SCRIPT_NAME] => /Sky/register_handler.php
            [PHP_SELF] => /Sky/register_handler.php
            [REQUEST_TIME_FLOAT] => 1749647253.8644
            [REQUEST_TIME] => 1749647253
        )

    [TIME] => 2025-06-11 15:07:33
)
Array
(
    [POST] => Array
        (
            [fullname] => Артём Иванов Иванович
            [birthdate] => 2005-12-08
            [phone] => +7 (904) 254-01-34
            [email] => azkaggpp@yandex.ru
            [comment] => 
            [agreement] => on
        )

    [SERVER] => Array
        (
            [MIBDIRS] => C:/xampp/php/extras/mibs
            [MYSQL_HOME] => \xampp\mysql\bin
            [OPENSSL_CONF] => C:/xampp/apache/bin/openssl.cnf
            [PHP_PEAR_SYSCONF_DIR] => \xampp\php
            [PHPRC] => \xampp\php
            [TMP] => \xampp\tmp
            [HTTP_HOST] => localhost
            [HTTP_CONNECTION] => keep-alive
            [CONTENT_LENGTH] => 697
            [HTTP_SEC_CH_UA_PLATFORM] => "Windows"
            [HTTP_USER_AGENT] => Mozilla/5.0 (Windows NT 10.0; Win64; x64) AppleWebKit/537.36 (KHTML, like Gecko) Chrome/137.0.0.0 Safari/537.36 Edg/137.0.0.0
            [HTTP_SEC_CH_UA] => "Microsoft Edge";v="137", "Chromium";v="137", "Not/A)Brand";v="24"
            [HTTP_DNT] => 1
            [CONTENT_TYPE] => multipart/form-data; boundary=----WebKitFormBoundarydmHMj4n8AgISERIY
            [HTTP_SEC_CH_UA_MOBILE] => ?0
            [HTTP_ACCEPT] => */*
            [HTTP_ORIGIN] => http://localhost
            [HTTP_SEC_FETCH_SITE] => same-origin
            [HTTP_SEC_FETCH_MODE] => cors
            [HTTP_SEC_FETCH_DEST] => empty
            [HTTP_REFERER] => http://localhost/Sky/register.php
            [HTTP_ACCEPT_ENCODING] => gzip, deflate, br, zstd
            [HTTP_ACCEPT_LANGUAGE] => ru,en;q=0.9,en-GB;q=0.8,en-US;q=0.7
            [PATH] => C:\Program Files (x86)\Common Files\Intel\Shared Libraries\redist\intel64_win\compiler;c:\program files (x86)\common files\intel\shared libraries\redist\intel64\compiler;c:\windows\system32;c:\windows;c:\windows\system32\wbem;c:\windows\system32\windowspowershell\v1.0\;c:\windows\system32\openssh\;C:\Program Files (x86)\NVIDIA Corporation\PhysX\Common;C:\WINDOWS\system32;C:\WINDOWS;C:\WINDOWS\System32\Wbem;C:\WINDOWS\System32\WindowsPowerShell\v1.0\;C:\WINDOWS\System32\OpenSSH\;C:\Program Files\NVIDIA Corporation\NVIDIA App\NvDLISR;C:\Program Files\nodejs\;C:\Users\azkag\AppData\Local\Microsoft\WindowsApps;C:\Users\azkag\AppData\Local\Programs\Microsoft VS Code\bin;C:\Users\azkag\AppData\Roaming\npm
            [SystemRoot] => C:\WINDOWS
            [COMSPEC] => C:\WINDOWS\system32\cmd.exe
            [PATHEXT] => .COM;.EXE;.BAT;.CMD;.VBS;.VBE;.JS;.JSE;.WSF;.WSH;.MSC
            [WINDIR] => C:\WINDOWS
            [SERVER_SIGNATURE] => <address>Apache/2.4.58 (Win64) OpenSSL/3.1.3 PHP/8.0.30 Server at localhost Port 80</address>

            [SERVER_SOFTWARE] => Apache/2.4.58 (Win64) OpenSSL/3.1.3 PHP/8.0.30
            [SERVER_NAME] => localhost
            [SERVER_ADDR] => ::1
            [SERVER_PORT] => 80
            [REMOTE_ADDR] => ::1
            [DOCUMENT_ROOT] => C:/xampp/htdocs
            [REQUEST_SCHEME] => http
            [CONTEXT_PREFIX] => 
            [CONTEXT_DOCUMENT_ROOT] => C:/xampp/htdocs
            [SERVER_ADMIN] => postmaster@localhost
            [SCRIPT_FILENAME] => C:/xampp/htdocs/Sky/register_handler.php
            [REMOTE_PORT] => 51228
            [GATEWAY_INTERFACE] => CGI/1.1
            [SERVER_PROTOCOL] => HTTP/1.1
            [REQUEST_METHOD] => POST
            [QUERY_STRING] => 
            [REQUEST_URI] => /Sky/register_handler.php
            [SCRIPT_NAME] => /Sky/register_handler.php
            [PHP_SELF] => /Sky/register_handler.php
            [REQUEST_TIME_FLOAT] => 1749647363.2043
            [REQUEST_TIME] => 1749647363
        )

    [TIME] => 2025-06-11 15:09:23
)
Array
(
    [POST] => Array
        (
            [fullname] => Артём Иванов Иванович
            [birthdate] => 2005-12-08
            [phone] => +7 (904) 254-01-34
            [email] => azkaggpp@yandex.ru
            [comment] => 
            [agreement] => on
        )

    [SERVER] => Array
        (
            [MIBDIRS] => C:/xampp/php/extras/mibs
            [MYSQL_HOME] => \xampp\mysql\bin
            [OPENSSL_CONF] => C:/xampp/apache/bin/openssl.cnf
            [PHP_PEAR_SYSCONF_DIR] => \xampp\php
            [PHPRC] => \xampp\php
            [TMP] => \xampp\tmp
            [HTTP_HOST] => localhost
            [HTTP_CONNECTION] => keep-alive
            [CONTENT_LENGTH] => 697
            [HTTP_SEC_CH_UA_PLATFORM] => "Windows"
            [HTTP_USER_AGENT] => Mozilla/5.0 (Windows NT 10.0; Win64; x64) AppleWebKit/537.36 (KHTML, like Gecko) Chrome/137.0.0.0 Safari/537.36 Edg/137.0.0.0
            [HTTP_SEC_CH_UA] => "Microsoft Edge";v="137", "Chromium";v="137", "Not/A)Brand";v="24"
            [HTTP_DNT] => 1
            [CONTENT_TYPE] => multipart/form-data; boundary=----WebKitFormBoundaryIdyr3xTFyCN3uSHA
            [HTTP_SEC_CH_UA_MOBILE] => ?0
            [HTTP_ACCEPT] => */*
            [HTTP_ORIGIN] => http://localhost
            [HTTP_SEC_FETCH_SITE] => same-origin
            [HTTP_SEC_FETCH_MODE] => cors
            [HTTP_SEC_FETCH_DEST] => empty
            [HTTP_REFERER] => http://localhost/Sky/register.php
            [HTTP_ACCEPT_ENCODING] => gzip, deflate, br, zstd
            [HTTP_ACCEPT_LANGUAGE] => ru,en;q=0.9,en-GB;q=0.8,en-US;q=0.7
            [PATH] => C:\Program Files (x86)\Common Files\Intel\Shared Libraries\redist\intel64_win\compiler;c:\program files (x86)\common files\intel\shared libraries\redist\intel64\compiler;c:\windows\system32;c:\windows;c:\windows\system32\wbem;c:\windows\system32\windowspowershell\v1.0\;c:\windows\system32\openssh\;C:\Program Files (x86)\NVIDIA Corporation\PhysX\Common;C:\WINDOWS\system32;C:\WINDOWS;C:\WINDOWS\System32\Wbem;C:\WINDOWS\System32\WindowsPowerShell\v1.0\;C:\WINDOWS\System32\OpenSSH\;C:\Program Files\NVIDIA Corporation\NVIDIA App\NvDLISR;C:\Program Files\nodejs\;C:\Users\azkag\AppData\Local\Microsoft\WindowsApps;C:\Users\azkag\AppData\Local\Programs\Microsoft VS Code\bin;C:\Users\azkag\AppData\Roaming\npm
            [SystemRoot] => C:\WINDOWS
            [COMSPEC] => C:\WINDOWS\system32\cmd.exe
            [PATHEXT] => .COM;.EXE;.BAT;.CMD;.VBS;.VBE;.JS;.JSE;.WSF;.WSH;.MSC
            [WINDIR] => C:\WINDOWS
            [SERVER_SIGNATURE] => <address>Apache/2.4.58 (Win64) OpenSSL/3.1.3 PHP/8.0.30 Server at localhost Port 80</address>

            [SERVER_SOFTWARE] => Apache/2.4.58 (Win64) OpenSSL/3.1.3 PHP/8.0.30
            [SERVER_NAME] => localhost
            [SERVER_ADDR] => ::1
            [SERVER_PORT] => 80
            [REMOTE_ADDR] => ::1
            [DOCUMENT_ROOT] => C:/xampp/htdocs
            [REQUEST_SCHEME] => http
            [CONTEXT_PREFIX] => 
            [CONTEXT_DOCUMENT_ROOT] => C:/xampp/htdocs
            [SERVER_ADMIN] => postmaster@localhost
            [SCRIPT_FILENAME] => C:/xampp/htdocs/Sky/register_handler.php
            [REMOTE_PORT] => 51268
            [GATEWAY_INTERFACE] => CGI/1.1
            [SERVER_PROTOCOL] => HTTP/1.1
            [REQUEST_METHOD] => POST
            [QUERY_STRING] => 
            [REQUEST_URI] => /Sky/register_handler.php
            [SCRIPT_NAME] => /Sky/register_handler.php
            [PHP_SELF] => /Sky/register_handler.php
            [REQUEST_TIME_FLOAT] => 1749647397.9394
            [REQUEST_TIME] => 1749647397
        )

    [TIME] => 2025-06-11 15:09:57
)
Array
(
    [POST] => Array
        (
            [fullname] => Артём Иванов Иванович
            [birthdate] => 2005-12-08
            [phone] => +7 (904) 254-01-34
            [email] => azkaggpp@yandex.ru
            [comment] => 
            [agreement] => on
        )

    [SERVER] => Array
        (
            [MIBDIRS] => C:/xampp/php/extras/mibs
            [MYSQL_HOME] => \xampp\mysql\bin
            [OPENSSL_CONF] => C:/xampp/apache/bin/openssl.cnf
            [PHP_PEAR_SYSCONF_DIR] => \xampp\php
            [PHPRC] => \xampp\php
            [TMP] => \xampp\tmp
            [HTTP_HOST] => localhost
            [HTTP_CONNECTION] => keep-alive
            [CONTENT_LENGTH] => 697
            [HTTP_SEC_CH_UA_PLATFORM] => "Windows"
            [HTTP_USER_AGENT] => Mozilla/5.0 (Windows NT 10.0; Win64; x64) AppleWebKit/537.36 (KHTML, like Gecko) Chrome/137.0.0.0 Safari/537.36 Edg/137.0.0.0
            [HTTP_SEC_CH_UA] => "Microsoft Edge";v="137", "Chromium";v="137", "Not/A)Brand";v="24"
            [HTTP_DNT] => 1
            [CONTENT_TYPE] => multipart/form-data; boundary=----WebKitFormBoundaryAy0JwOxGNo0P5ZvB
            [HTTP_SEC_CH_UA_MOBILE] => ?0
            [HTTP_ACCEPT] => */*
            [HTTP_ORIGIN] => http://localhost
            [HTTP_SEC_FETCH_SITE] => same-origin
            [HTTP_SEC_FETCH_MODE] => cors
            [HTTP_SEC_FETCH_DEST] => empty
            [HTTP_REFERER] => http://localhost/Sky/register.php
            [HTTP_ACCEPT_ENCODING] => gzip, deflate, br, zstd
            [HTTP_ACCEPT_LANGUAGE] => ru,en;q=0.9,en-GB;q=0.8,en-US;q=0.7
            [PATH] => C:\Program Files (x86)\Common Files\Intel\Shared Libraries\redist\intel64_win\compiler;c:\program files (x86)\common files\intel\shared libraries\redist\intel64\compiler;c:\windows\system32;c:\windows;c:\windows\system32\wbem;c:\windows\system32\windowspowershell\v1.0\;c:\windows\system32\openssh\;C:\Program Files (x86)\NVIDIA Corporation\PhysX\Common;C:\WINDOWS\system32;C:\WINDOWS;C:\WINDOWS\System32\Wbem;C:\WINDOWS\System32\WindowsPowerShell\v1.0\;C:\WINDOWS\System32\OpenSSH\;C:\Program Files\NVIDIA Corporation\NVIDIA App\NvDLISR;C:\Program Files\nodejs\;C:\Users\azkag\AppData\Local\Microsoft\WindowsApps;C:\Users\azkag\AppData\Local\Programs\Microsoft VS Code\bin;C:\Users\azkag\AppData\Roaming\npm
            [SystemRoot] => C:\WINDOWS
            [COMSPEC] => C:\WINDOWS\system32\cmd.exe
            [PATHEXT] => .COM;.EXE;.BAT;.CMD;.VBS;.VBE;.JS;.JSE;.WSF;.WSH;.MSC
            [WINDIR] => C:\WINDOWS
            [SERVER_SIGNATURE] => <address>Apache/2.4.58 (Win64) OpenSSL/3.1.3 PHP/8.0.30 Server at localhost Port 80</address>

            [SERVER_SOFTWARE] => Apache/2.4.58 (Win64) OpenSSL/3.1.3 PHP/8.0.30
            [SERVER_NAME] => localhost
            [SERVER_ADDR] => ::1
            [SERVER_PORT] => 80
            [REMOTE_ADDR] => ::1
            [DOCUMENT_ROOT] => C:/xampp/htdocs
            [REQUEST_SCHEME] => http
            [CONTEXT_PREFIX] => 
            [CONTEXT_DOCUMENT_ROOT] => C:/xampp/htdocs
            [SERVER_ADMIN] => postmaster@localhost
            [SCRIPT_FILENAME] => C:/xampp/htdocs/Sky/register_handler.php
            [REMOTE_PORT] => 51299
            [GATEWAY_INTERFACE] => CGI/1.1
            [SERVER_PROTOCOL] => HTTP/1.1
            [REQUEST_METHOD] => POST
            [QUERY_STRING] => 
            [REQUEST_URI] => /Sky/register_handler.php
            [SCRIPT_NAME] => /Sky/register_handler.php
            [PHP_SELF] => /Sky/register_handler.php
            [REQUEST_TIME_FLOAT] => 1749647433.8556
            [REQUEST_TIME] => 1749647433
        )

    [TIME] => 2025-06-11 15:10:33
)
Array
(
    [POST] => Array
        (
            [fullname] => Артём Иванов Иванович
            [birthdate] => 2005-12-08
            [phone] => +7 (904) 254-01-34
            [email] => azkaggpp@yandex.ru
            [comment] => 
            [agreement] => on
        )

    [SERVER] => Array
        (
            [MIBDIRS] => C:/xampp/php/extras/mibs
            [MYSQL_HOME] => \xampp\mysql\bin
            [OPENSSL_CONF] => C:/xampp/apache/bin/openssl.cnf
            [PHP_PEAR_SYSCONF_DIR] => \xampp\php
            [PHPRC] => \xampp\php
            [TMP] => \xampp\tmp
            [HTTP_HOST] => localhost
            [HTTP_CONNECTION] => keep-alive
            [CONTENT_LENGTH] => 697
            [HTTP_SEC_CH_UA_PLATFORM] => "Windows"
            [HTTP_USER_AGENT] => Mozilla/5.0 (Windows NT 10.0; Win64; x64) AppleWebKit/537.36 (KHTML, like Gecko) Chrome/137.0.0.0 Safari/537.36 Edg/137.0.0.0
            [HTTP_SEC_CH_UA] => "Microsoft Edge";v="137", "Chromium";v="137", "Not/A)Brand";v="24"
            [HTTP_DNT] => 1
            [CONTENT_TYPE] => multipart/form-data; boundary=----WebKitFormBoundaryztR6FgyjP1nbJize
            [HTTP_SEC_CH_UA_MOBILE] => ?0
            [HTTP_ACCEPT] => */*
            [HTTP_ORIGIN] => http://localhost
            [HTTP_SEC_FETCH_SITE] => same-origin
            [HTTP_SEC_FETCH_MODE] => cors
            [HTTP_SEC_FETCH_DEST] => empty
            [HTTP_REFERER] => http://localhost/Sky/register.php
            [HTTP_ACCEPT_ENCODING] => gzip, deflate, br, zstd
            [HTTP_ACCEPT_LANGUAGE] => ru,en;q=0.9,en-GB;q=0.8,en-US;q=0.7
            [PATH] => C:\Program Files (x86)\Common Files\Intel\Shared Libraries\redist\intel64_win\compiler;c:\program files (x86)\common files\intel\shared libraries\redist\intel64\compiler;c:\windows\system32;c:\windows;c:\windows\system32\wbem;c:\windows\system32\windowspowershell\v1.0\;c:\windows\system32\openssh\;C:\Program Files (x86)\NVIDIA Corporation\PhysX\Common;C:\WINDOWS\system32;C:\WINDOWS;C:\WINDOWS\System32\Wbem;C:\WINDOWS\System32\WindowsPowerShell\v1.0\;C:\WINDOWS\System32\OpenSSH\;C:\Program Files\NVIDIA Corporation\NVIDIA App\NvDLISR;C:\Program Files\nodejs\;C:\Users\azkag\AppData\Local\Microsoft\WindowsApps;C:\Users\azkag\AppData\Local\Programs\Microsoft VS Code\bin;C:\Users\azkag\AppData\Roaming\npm
            [SystemRoot] => C:\WINDOWS
            [COMSPEC] => C:\WINDOWS\system32\cmd.exe
            [PATHEXT] => .COM;.EXE;.BAT;.CMD;.VBS;.VBE;.JS;.JSE;.WSF;.WSH;.MSC
            [WINDIR] => C:\WINDOWS
            [SERVER_SIGNATURE] => <address>Apache/2.4.58 (Win64) OpenSSL/3.1.3 PHP/8.0.30 Server at localhost Port 80</address>

            [SERVER_SOFTWARE] => Apache/2.4.58 (Win64) OpenSSL/3.1.3 PHP/8.0.30
            [SERVER_NAME] => localhost
            [SERVER_ADDR] => ::1
            [SERVER_PORT] => 80
            [REMOTE_ADDR] => ::1
            [DOCUMENT_ROOT] => C:/xampp/htdocs
            [REQUEST_SCHEME] => http
            [CONTEXT_PREFIX] => 
            [CONTEXT_DOCUMENT_ROOT] => C:/xampp/htdocs
            [SERVER_ADMIN] => postmaster@localhost
            [SCRIPT_FILENAME] => C:/xampp/htdocs/Sky/register_handler.php
            [REMOTE_PORT] => 51394
            [GATEWAY_INTERFACE] => CGI/1.1
            [SERVER_PROTOCOL] => HTTP/1.1
            [REQUEST_METHOD] => POST
            [QUERY_STRING] => 
            [REQUEST_URI] => /Sky/register_handler.php
            [SCRIPT_NAME] => /Sky/register_handler.php
            [PHP_SELF] => /Sky/register_handler.php
            [REQUEST_TIME_FLOAT] => 1749647480.2714
            [REQUEST_TIME] => 1749647480
        )

    [TIME] => 2025-06-11 15:11:20
)
Array
(
    [POST] => Array
        (
            [fullname] => Артём Иванов Иванович
            [birthdate] => 2005-12-08
            [phone] => +7 (904) 254-01-34
            [email] => azkaggpp@yandex.ru
            [comment] => 
            [agreement] => on
        )

    [SERVER] => Array
        (
            [MIBDIRS] => C:/xampp/php/extras/mibs
            [MYSQL_HOME] => \xampp\mysql\bin
            [OPENSSL_CONF] => C:/xampp/apache/bin/openssl.cnf
            [PHP_PEAR_SYSCONF_DIR] => \xampp\php
            [PHPRC] => \xampp\php
            [TMP] => \xampp\tmp
            [HTTP_HOST] => localhost
            [HTTP_CONNECTION] => keep-alive
            [CONTENT_LENGTH] => 697
            [HTTP_SEC_CH_UA_PLATFORM] => "Windows"
            [HTTP_USER_AGENT] => Mozilla/5.0 (Windows NT 10.0; Win64; x64) AppleWebKit/537.36 (KHTML, like Gecko) Chrome/137.0.0.0 Safari/537.36 Edg/137.0.0.0
            [HTTP_SEC_CH_UA] => "Microsoft Edge";v="137", "Chromium";v="137", "Not/A)Brand";v="24"
            [HTTP_DNT] => 1
            [CONTENT_TYPE] => multipart/form-data; boundary=----WebKitFormBoundaryNZRAgo00FOfU2QJ0
            [HTTP_SEC_CH_UA_MOBILE] => ?0
            [HTTP_ACCEPT] => */*
            [HTTP_ORIGIN] => http://localhost
            [HTTP_SEC_FETCH_SITE] => same-origin
            [HTTP_SEC_FETCH_MODE] => cors
            [HTTP_SEC_FETCH_DEST] => empty
            [HTTP_REFERER] => http://localhost/Sky/register.php
            [HTTP_ACCEPT_ENCODING] => gzip, deflate, br, zstd
            [HTTP_ACCEPT_LANGUAGE] => ru,en;q=0.9,en-GB;q=0.8,en-US;q=0.7
            [PATH] => C:\Program Files (x86)\Common Files\Intel\Shared Libraries\redist\intel64_win\compiler;c:\program files (x86)\common files\intel\shared libraries\redist\intel64\compiler;c:\windows\system32;c:\windows;c:\windows\system32\wbem;c:\windows\system32\windowspowershell\v1.0\;c:\windows\system32\openssh\;C:\Program Files (x86)\NVIDIA Corporation\PhysX\Common;C:\WINDOWS\system32;C:\WINDOWS;C:\WINDOWS\System32\Wbem;C:\WINDOWS\System32\WindowsPowerShell\v1.0\;C:\WINDOWS\System32\OpenSSH\;C:\Program Files\NVIDIA Corporation\NVIDIA App\NvDLISR;C:\Program Files\nodejs\;C:\Users\azkag\AppData\Local\Microsoft\WindowsApps;C:\Users\azkag\AppData\Local\Programs\Microsoft VS Code\bin;C:\Users\azkag\AppData\Roaming\npm
            [SystemRoot] => C:\WINDOWS
            [COMSPEC] => C:\WINDOWS\system32\cmd.exe
            [PATHEXT] => .COM;.EXE;.BAT;.CMD;.VBS;.VBE;.JS;.JSE;.WSF;.WSH;.MSC
            [WINDIR] => C:\WINDOWS
            [SERVER_SIGNATURE] => <address>Apache/2.4.58 (Win64) OpenSSL/3.1.3 PHP/8.0.30 Server at localhost Port 80</address>

            [SERVER_SOFTWARE] => Apache/2.4.58 (Win64) OpenSSL/3.1.3 PHP/8.0.30
            [SERVER_NAME] => localhost
            [SERVER_ADDR] => ::1
            [SERVER_PORT] => 80
            [REMOTE_ADDR] => ::1
            [DOCUMENT_ROOT] => C:/xampp/htdocs
            [REQUEST_SCHEME] => http
            [CONTEXT_PREFIX] => 
            [CONTEXT_DOCUMENT_ROOT] => C:/xampp/htdocs
            [SERVER_ADMIN] => postmaster@localhost
            [SCRIPT_FILENAME] => C:/xampp/htdocs/Sky/register_handler.php
            [REMOTE_PORT] => 51869
            [GATEWAY_INTERFACE] => CGI/1.1
            [SERVER_PROTOCOL] => HTTP/1.1
            [REQUEST_METHOD] => POST
            [QUERY_STRING] => 
            [REQUEST_URI] => /Sky/register_handler.php
            [SCRIPT_NAME] => /Sky/register_handler.php
            [PHP_SELF] => /Sky/register_handler.php
            [REQUEST_TIME_FLOAT] => 1749647629.1873
            [REQUEST_TIME] => 1749647629
        )

    [TIME] => 2025-06-11 15:13:49
)
Array
(
    [POST] => Array
        (
            [fullname] => Артём Иванов Иванович
            [birthdate] => 2005-12-08
            [phone] => +7 (904) 254-01-34
            [email] => azkaggpp@yandex.ru
            [comment] => 
            [agreement] => on
        )

    [SERVER] => Array
        (
            [MIBDIRS] => C:/xampp/php/extras/mibs
            [MYSQL_HOME] => \xampp\mysql\bin
            [OPENSSL_CONF] => C:/xampp/apache/bin/openssl.cnf
            [PHP_PEAR_SYSCONF_DIR] => \xampp\php
            [PHPRC] => \xampp\php
            [TMP] => \xampp\tmp
            [HTTP_HOST] => localhost
            [HTTP_CONNECTION] => keep-alive
            [CONTENT_LENGTH] => 697
            [HTTP_SEC_CH_UA_PLATFORM] => "Windows"
            [HTTP_USER_AGENT] => Mozilla/5.0 (Windows NT 10.0; Win64; x64) AppleWebKit/537.36 (KHTML, like Gecko) Chrome/137.0.0.0 Safari/537.36 Edg/137.0.0.0
            [HTTP_SEC_CH_UA] => "Microsoft Edge";v="137", "Chromium";v="137", "Not/A)Brand";v="24"
            [HTTP_DNT] => 1
            [CONTENT_TYPE] => multipart/form-data; boundary=----WebKitFormBoundaryy8zcDOE7uBCGugj8
            [HTTP_SEC_CH_UA_MOBILE] => ?0
            [HTTP_ACCEPT] => */*
            [HTTP_ORIGIN] => http://localhost
            [HTTP_SEC_FETCH_SITE] => same-origin
            [HTTP_SEC_FETCH_MODE] => cors
            [HTTP_SEC_FETCH_DEST] => empty
            [HTTP_REFERER] => http://localhost/Sky/register.php
            [HTTP_ACCEPT_ENCODING] => gzip, deflate, br, zstd
            [HTTP_ACCEPT_LANGUAGE] => ru,en;q=0.9,en-GB;q=0.8,en-US;q=0.7
            [PATH] => C:\Program Files (x86)\Common Files\Intel\Shared Libraries\redist\intel64_win\compiler;c:\program files (x86)\common files\intel\shared libraries\redist\intel64\compiler;c:\windows\system32;c:\windows;c:\windows\system32\wbem;c:\windows\system32\windowspowershell\v1.0\;c:\windows\system32\openssh\;C:\Program Files (x86)\NVIDIA Corporation\PhysX\Common;C:\WINDOWS\system32;C:\WINDOWS;C:\WINDOWS\System32\Wbem;C:\WINDOWS\System32\WindowsPowerShell\v1.0\;C:\WINDOWS\System32\OpenSSH\;C:\Program Files\NVIDIA Corporation\NVIDIA App\NvDLISR;C:\Program Files\nodejs\;C:\Users\azkag\AppData\Local\Microsoft\WindowsApps;C:\Users\azkag\AppData\Local\Programs\Microsoft VS Code\bin;C:\Users\azkag\AppData\Roaming\npm
            [SystemRoot] => C:\WINDOWS
            [COMSPEC] => C:\WINDOWS\system32\cmd.exe
            [PATHEXT] => .COM;.EXE;.BAT;.CMD;.VBS;.VBE;.JS;.JSE;.WSF;.WSH;.MSC
            [WINDIR] => C:\WINDOWS
            [SERVER_SIGNATURE] => <address>Apache/2.4.58 (Win64) OpenSSL/3.1.3 PHP/8.0.30 Server at localhost Port 80</address>

            [SERVER_SOFTWARE] => Apache/2.4.58 (Win64) OpenSSL/3.1.3 PHP/8.0.30
            [SERVER_NAME] => localhost
            [SERVER_ADDR] => ::1
            [SERVER_PORT] => 80
            [REMOTE_ADDR] => ::1
            [DOCUMENT_ROOT] => C:/xampp/htdocs
            [REQUEST_SCHEME] => http
            [CONTEXT_PREFIX] => 
            [CONTEXT_DOCUMENT_ROOT] => C:/xampp/htdocs
            [SERVER_ADMIN] => postmaster@localhost
            [SCRIPT_FILENAME] => C:/xampp/htdocs/Sky/register_handler.php
            [REMOTE_PORT] => 50654
            [GATEWAY_INTERFACE] => CGI/1.1
            [SERVER_PROTOCOL] => HTTP/1.1
            [REQUEST_METHOD] => POST
            [QUERY_STRING] => 
            [REQUEST_URI] => /Sky/register_handler.php
            [SCRIPT_NAME] => /Sky/register_handler.php
            [PHP_SELF] => /Sky/register_handler.php
            [REQUEST_TIME_FLOAT] => 1749718820.2435
            [REQUEST_TIME] => 1749718820
        )

    [TIME] => 2025-06-12 11:00:20
)
Array
(
    [POST] => Array
        (
            [fullname] => Артём Иванов Иванович
            [birthdate] => 2005-12-08
            [phone] => +7 (904) 254-01-34
            [email] => azkaggpp@yandex.ru
            [comment] => 
            [agreement] => on
        )

    [SERVER] => Array
        (
            [MIBDIRS] => C:/xampp/php/extras/mibs
            [MYSQL_HOME] => \xampp\mysql\bin
            [OPENSSL_CONF] => C:/xampp/apache/bin/openssl.cnf
            [PHP_PEAR_SYSCONF_DIR] => \xampp\php
            [PHPRC] => \xampp\php
            [TMP] => \xampp\tmp
            [HTTP_HOST] => localhost
            [HTTP_CONNECTION] => keep-alive
            [CONTENT_LENGTH] => 697
            [HTTP_SEC_CH_UA_PLATFORM] => "Windows"
            [HTTP_USER_AGENT] => Mozilla/5.0 (Windows NT 10.0; Win64; x64) AppleWebKit/537.36 (KHTML, like Gecko) Chrome/137.0.0.0 Safari/537.36 Edg/137.0.0.0
            [HTTP_SEC_CH_UA] => "Microsoft Edge";v="137", "Chromium";v="137", "Not/A)Brand";v="24"
            [HTTP_DNT] => 1
            [CONTENT_TYPE] => multipart/form-data; boundary=----WebKitFormBoundaryv5gnVwycA6ZISVaM
            [HTTP_SEC_CH_UA_MOBILE] => ?0
            [HTTP_ACCEPT] => */*
            [HTTP_ORIGIN] => http://localhost
            [HTTP_SEC_FETCH_SITE] => same-origin
            [HTTP_SEC_FETCH_MODE] => cors
            [HTTP_SEC_FETCH_DEST] => empty
            [HTTP_REFERER] => http://localhost/Sky/register.php
            [HTTP_ACCEPT_ENCODING] => gzip, deflate, br, zstd
            [HTTP_ACCEPT_LANGUAGE] => ru,en;q=0.9,en-GB;q=0.8,en-US;q=0.7
            [HTTP_COOKIE] => PHPSESSID=8that6hhvr9o5850qd9n07r171
            [PATH] => C:\Program Files (x86)\Common Files\Intel\Shared Libraries\redist\intel64_win\compiler;c:\program files (x86)\common files\intel\shared libraries\redist\intel64\compiler;c:\windows\system32;c:\windows;c:\windows\system32\wbem;c:\windows\system32\windowspowershell\v1.0\;c:\windows\system32\openssh\;C:\Program Files (x86)\NVIDIA Corporation\PhysX\Common;C:\WINDOWS\system32;C:\WINDOWS;C:\WINDOWS\System32\Wbem;C:\WINDOWS\System32\WindowsPowerShell\v1.0\;C:\WINDOWS\System32\OpenSSH\;C:\Program Files\NVIDIA Corporation\NVIDIA App\NvDLISR;C:\Program Files\nodejs\;C:\Users\azkag\AppData\Local\Microsoft\WindowsApps;C:\Users\azkag\AppData\Local\Programs\Microsoft VS Code\bin;C:\Users\azkag\AppData\Roaming\npm
            [SystemRoot] => C:\WINDOWS
            [COMSPEC] => C:\WINDOWS\system32\cmd.exe
            [PATHEXT] => .COM;.EXE;.BAT;.CMD;.VBS;.VBE;.JS;.JSE;.WSF;.WSH;.MSC
            [WINDIR] => C:\WINDOWS
            [SERVER_SIGNATURE] => <address>Apache/2.4.58 (Win64) OpenSSL/3.1.3 PHP/8.0.30 Server at localhost Port 80</address>

            [SERVER_SOFTWARE] => Apache/2.4.58 (Win64) OpenSSL/3.1.3 PHP/8.0.30
            [SERVER_NAME] => localhost
            [SERVER_ADDR] => ::1
            [SERVER_PORT] => 80
            [REMOTE_ADDR] => ::1
            [DOCUMENT_ROOT] => C:/xampp/htdocs
            [REQUEST_SCHEME] => http
            [CONTEXT_PREFIX] => 
            [CONTEXT_DOCUMENT_ROOT] => C:/xampp/htdocs
            [SERVER_ADMIN] => postmaster@localhost
            [SCRIPT_FILENAME] => C:/xampp/htdocs/Sky/register_handler.php
            [REMOTE_PORT] => 63087
            [GATEWAY_INTERFACE] => CGI/1.1
            [SERVER_PROTOCOL] => HTTP/1.1
            [REQUEST_METHOD] => POST
            [QUERY_STRING] => 
            [REQUEST_URI] => /Sky/register_handler.php
            [SCRIPT_NAME] => /Sky/register_handler.php
            [PHP_SELF] => /Sky/register_handler.php
            [REQUEST_TIME_FLOAT] => 1749720211.6973
            [REQUEST_TIME] => 1749720211
        )

    [TIME] => 2025-06-12 11:23:31
)
